2023-11-15T18:14:13+00:00 DEBUG <------------------- WebToffee PayPal Express Payment ( Setting Express Checkout ) ------------------->
stdClass Object
(
    [METHOD] => SetExpressCheckout
    [RETURNURL] => http://localhost/techthani/wc-api/Eh_PayPal_Express_Payment/?c=express_details&express=false&p=http://localhost/techthani/checkout/
    [CANCELURL] => http://localhost/techthani/checkout/?cancel_express_checkout=cancel
    [ADDROVERRIDE] => 
    [BRANDNAME] => Techthani
    [LOGOIMG] => 
    [SOLUTIONTYPE] => Sole
    [LOCALECODE] => en_US
    [LANDINGPAGE] => Billing
    [L_PAYMENTREQUEST_0_NAME0] => Studio Monitor Best Speaker
    [L_PAYMENTREQUEST_0_DESC0] => 
    [L_PAYMENTREQUEST_0_AMT0] => 89
    [L_PAYMENTREQUEST_0_QTY0] => 1
    [L_PAYMENTREQUEST_0_ITEMURL0] => http://localhost/techthani/product/studio-monitor-best-speaker/
    [PAYMENTREQUEST_0_AMT] => 100.57
    [PAYMENTREQUEST_0_CURRENCYCODE] => THB
    [PAYMENTREQUEST_0_ITEMAMT] => 89
    [PAYMENTREQUEST_0_SHIPPINGAMT] => 0
    [PAYMENTREQUEST_0_TAXAMT] => 11.57
    [PAYMENTREQUEST_0_SHIPDISCAMT] => 0
    [PAYMENTREQUEST_0_PAYMENTACTION] => Sale
    [MAXAMT] => 176.57
    [PAYMENTREQUEST_0_SHIPTONAME] => Lakash Maharjan
    [PAYMENTREQUEST_0_SHIPTOSTREET] => AIT Pathuthani Thailand
    [PAYMENTREQUEST_0_SHIPTOSTREET2] => sv25b1
    [PAYMENTREQUEST_0_SHIPTOCITY] => Khlong Luang
    [PAYMENTREQUEST_0_SHIPTOSTATE] => TH-13
    [PAYMENTREQUEST_0_SHIPTOZIP] => 12120
    [PAYMENTREQUEST_0_SHIPTOCOUNTRYCODE] => TH
    [PAYMENTREQUEST_0_SHIPTOPHONENUM] => 0614510323
    [PAYMENTREQUEST_0_NOTETEXT] => 
    [PAYMENTREQUEST_0_EMAIL] => lakashmaharjan@gmail.com
    [PAYMENTREQUEST_0_PAYMENTREQUESTID] => 
)

2023-11-15T18:14:13+00:00 DEBUG <------------------- WebToffee PayPal Express Payment ( Response on Express Start/Credit Start ) ------------------->
stdClass Object
(
    [TIMESTAMP] => 2023-11-15T18:14:14Z
    [CORRELATIONID] => fad9f40ba02bf
    [ACK] => Failure
    [BUILD] => 58212327
    [L_ERRORCODE0] => 10002
    [L_SHORTMESSAGE0] => Security error
    [L_LONGMESSAGE0] => Security header is not valid
    [L_SEVERITYCODE0] => Error
)

